2025-07-24 11:49:15,077 [INFO] 🚀 로봇 행동 태깅 API 서버 시작
2025-07-24 11:49:15,077 [INFO] ========================================
2025-07-24 11:49:15,078 [INFO] 📋 API 문서: http://localhost:8001/docs
2025-07-24 11:51:07,969 [INFO] 👋 서버가 종료됩니다.
2025-07-24 11:51:10,307 [INFO] 🚀 로봇 행동 태깅 API 서버 시작
2025-07-24 11:51:10,307 [INFO] ========================================
2025-07-24 11:51:10,307 [INFO] 📋 API 문서: http://localhost:8001/docs
2025-07-24 11:54:13,802 [INFO] 👋 서버가 종료됩니다.
2025-07-24 11:54:18,681 [INFO] 🚀 로봇 행동 태깅 API 서버 시작
2025-07-24 11:54:18,681 [INFO] ========================================
2025-07-24 11:54:18,681 [INFO] 📋 API 문서: http://localhost:8001/docs
2025-07-24 11:55:11,509 [INFO] 🚀 로봇 행동 태깅 API 서버 시작
2025-07-24 11:55:11,509 [INFO] ========================================
2025-07-24 11:55:11,509 [INFO] 📋 API 문서: http://localhost:8001/docs
2025-07-24 11:55:13,518 [INFO] 👋 서버가 종료됩니다.
2025-07-24 11:57:38,135 [INFO] 🚀 로봇 행동 태깅 API 서버 시작
2025-07-24 11:57:38,135 [INFO] ========================================
2025-07-24 11:57:38,135 [INFO] 📋 API 문서: http://localhost:8001/docs
2025-07-24 11:57:56,619 [INFO] 👋 서버가 종료됩니다.
2025-07-24 11:58:19,104 [INFO] 🚀 로봇 행동 태깅 API 서버 시작
2025-07-24 11:58:19,105 [INFO] ========================================
2025-07-24 11:58:19,105 [INFO] 📋 API 문서: http://localhost:8001/docs
2025-07-24 13:54:54,936 [INFO] 👋 서버가 종료됩니다.
2025-07-24 13:54:57,717 [INFO] 🚀 로봇 행동 태깅 API 서버 시작
2025-07-24 13:54:57,717 [INFO] ========================================
2025-07-24 13:54:57,717 [INFO] 📋 API 문서: http://localhost:8001/docs
2025-07-24 13:57:39,965 [INFO] 👋 서버가 종료됩니다.
2025-07-24 13:57:40,717 [INFO] 🚀 로봇 행동 태깅 API 서버 시작
2025-07-24 13:57:40,717 [INFO] ========================================
2025-07-24 13:57:40,717 [INFO] 📋 API 문서: http://localhost:8001/docs
2025-07-24 13:58:02,434 [INFO] 👋 서버가 종료됩니다.
2025-07-24 13:58:03,199 [INFO] 🚀 로봇 행동 태깅 API 서버 시작
2025-07-24 13:58:03,199 [INFO] ========================================
2025-07-24 13:58:03,199 [INFO] 📋 API 문서: http://localhost:8001/docs
2025-07-24 13:58:30,744 [INFO] 👋 서버가 종료됩니다.
2025-07-24 13:58:31,502 [INFO] 🚀 로봇 행동 태깅 API 서버 시작
2025-07-24 13:58:31,502 [INFO] ========================================
2025-07-24 13:58:31,502 [INFO] 📋 API 문서: http://localhost:8001/docs
2025-07-24 13:59:51,615 [INFO] 👋 서버가 종료됩니다.
2025-07-24 13:59:53,966 [INFO] 🚀 로봇 행동 태깅 API 서버 시작
2025-07-24 13:59:53,966 [INFO] ========================================
2025-07-24 13:59:53,966 [INFO] 📋 API 문서: http://localhost:8001/docs
2025-07-24 14:02:07,191 [INFO] 👋 서버가 종료됩니다.
2025-07-24 14:02:07,946 [INFO] 🚀 로봇 행동 태깅 API 서버 시작
2025-07-24 14:02:07,946 [INFO] ========================================
2025-07-24 14:02:07,946 [INFO] 📋 API 문서: http://localhost:8001/docs
2025-07-24 14:02:22,127 [INFO] 👋 서버가 종료됩니다.
2025-07-24 14:02:22,886 [INFO] 🚀 로봇 행동 태깅 API 서버 시작
2025-07-24 14:02:22,886 [INFO] ========================================
2025-07-24 14:02:22,886 [INFO] 📋 API 문서: http://localhost:8001/docs
2025-07-24 14:02:22,886 [INFO] 🤖 Libero 데이터셋 로딩 시도 중...
2025-07-24 14:02:22,886 [INFO] ⚠️  대용량 데이터셋이므로 시간이 오래 걸릴 수 있습니다...
2025-07-24 14:02:22,886 [INFO] 🔧 로컬 테스트 모드로 실행 중...
2025-07-24 14:02:22,886 [INFO] 📝 실제 데이터셋을 사용하려면 코드에서 주석을 해제하세요
2025-07-24 14:03:21,121 [INFO] 👋 서버가 종료됩니다.
2025-07-24 14:03:21,882 [INFO] 🚀 로봇 행동 태깅 API 서버 시작
2025-07-24 14:03:21,882 [INFO] ========================================
2025-07-24 14:03:21,882 [INFO] 📋 API 문서: http://localhost:8001/docs
2025-07-24 14:03:21,882 [INFO] 🤖 Libero 데이터셋 로딩 시도 중...
2025-07-24 14:03:21,882 [INFO] ⚠️  대용량 데이터셋이므로 시간이 오래 걸릴 수 있습니다...
2025-07-24 14:03:21,882 [INFO] 🔧 로컬 테스트 모드로 실행 중...
2025-07-24 14:03:21,882 [INFO] 📝 실제 데이터셋을 사용하려면 코드에서 주석을 해제하세요
2025-07-24 14:03:30,025 [INFO] 👋 서버가 종료됩니다.
2025-07-24 14:03:30,785 [INFO] 🚀 로봇 행동 태깅 API 서버 시작
2025-07-24 14:03:30,785 [INFO] ========================================
2025-07-24 14:03:30,785 [INFO] 📋 API 문서: http://localhost:8001/docs
2025-07-24 14:03:30,785 [INFO] 🤖 Libero 데이터셋 로딩 시도 중...
2025-07-24 14:03:30,785 [INFO] ⚠️  대용량 데이터셋이므로 시간이 오래 걸릴 수 있습니다...
2025-07-24 14:03:30,785 [INFO] 🔧 로컬 테스트 모드로 실행 중...
2025-07-24 14:03:30,785 [INFO] 📝 실제 데이터셋을 사용하려면 코드에서 주석을 해제하세요
2025-07-24 14:04:26,684 [INFO] 👋 서버가 종료됩니다.
2025-07-24 14:04:29,090 [INFO] 🚀 로봇 행동 태깅 API 서버 시작
2025-07-24 14:04:29,090 [INFO] ========================================
2025-07-24 14:04:29,091 [INFO] 📋 API 문서: http://localhost:8001/docs
2025-07-24 14:04:29,091 [INFO] 🤖 Libero 데이터셋 로딩 시도 중...
2025-07-24 14:04:29,091 [INFO] ⚠️  대용량 데이터셋이므로 시간이 오래 걸릴 수 있습니다...
2025-07-24 14:04:29,091 [INFO] 🔧 로컬 테스트 모드로 실행 중...
2025-07-24 14:04:29,091 [INFO] 📝 실제 데이터셋을 사용하려면 코드에서 주석을 해제하세요
2025-07-25 01:33:25,308 [INFO] 🚀 로봇 행동 태깅 API 서버 시작
2025-07-25 01:33:25,308 [INFO] ========================================
2025-07-25 01:33:25,308 [INFO] 📋 API 문서: http://localhost:8001/docs
2025-07-25 01:33:25,308 [INFO] 🤖 Libero 데이터셋 로딩 시도 중...
2025-07-25 01:33:25,308 [INFO] ⚠️  대용량 데이터셋이므로 시간이 오래 걸릴 수 있습니다...
2025-07-25 01:33:25,308 [INFO] 🔧 로컬 테스트 모드로 실행 중...
2025-07-25 01:33:25,308 [INFO] 📝 실제 데이터셋을 사용하려면 코드에서 주석을 해제하세요
2025-07-25 01:35:00,723 [INFO] 👋 서버가 종료됩니다.
2025-07-25 01:35:01,574 [INFO] 🚀 로봇 행동 태깅 API 서버 시작
2025-07-25 01:35:01,574 [INFO] ========================================
2025-07-25 01:35:01,574 [INFO] 📋 API 문서: http://localhost:8001/docs
2025-07-25 01:35:01,574 [INFO] 🤖 Libero 데이터셋 로딩 시도 중...
2025-07-25 01:35:01,574 [INFO] ⚠️  대용량 데이터셋이므로 시간이 오래 걸릴 수 있습니다...
2025-07-25 01:35:07,230 [INFO] ✅ Libero 데이터셋 로드 완료
2025-07-25 01:35:15,068 [INFO] 👋 서버가 종료됩니다.
2025-07-25 01:35:17,218 [INFO] 🚀 로봇 행동 태깅 API 서버 시작
2025-07-25 01:35:17,218 [INFO] ========================================
2025-07-25 01:35:17,218 [INFO] 📋 API 문서: http://localhost:8001/docs
2025-07-25 01:35:17,218 [INFO] 🤖 Libero 데이터셋 로딩 시도 중...
2025-07-25 01:35:17,218 [INFO] ⚠️  대용량 데이터셋이므로 시간이 오래 걸릴 수 있습니다...
2025-07-25 01:35:22,246 [INFO] ✅ Libero 데이터셋 로드 완료
2025-07-25 01:47:43,057 [INFO] 👋 서버가 종료됩니다.
2025-07-25 01:47:45,339 [INFO] main: 🚀 로봇 행동 태깅 API 서버 시작
2025-07-25 01:47:45,339 [INFO] main: ========================================
2025-07-25 01:47:45,339 [INFO] main: 📋 API 문서: http://localhost:8001/docs
2025-07-25 01:47:45,339 [INFO] main: 🤖 Libero 데이터셋 로딩 시도 중...
2025-07-25 01:47:45,339 [INFO] main: ⚠️  대용량 데이터셋이므로 시간이 오래 걸릴 수 있습니다...
2025-07-25 01:47:50,481 [INFO] main: ✅ Libero 데이터셋 로드 완료
2025-07-25 01:47:51,356 [INFO] main: 🚀 로봇 행동 태깅 API 서버 시작
2025-07-25 01:47:51,356 [INFO] main: ========================================
2025-07-25 01:47:51,356 [INFO] main: 📋 API 문서: http://localhost:8001/docs
2025-07-25 01:47:51,356 [INFO] main: 🤖 Libero 데이터셋 로딩 시도 중...
2025-07-25 01:47:51,356 [INFO] main: ⚠️  대용량 데이터셋이므로 시간이 오래 걸릴 수 있습니다...
2025-07-25 01:47:56,145 [INFO] main: ✅ Libero 데이터셋 로드 완료
2025-07-25 01:47:56,148 [INFO] main: 📥 GET http://localhost:8001/api/libero/episode/0?frame_count=200
2025-07-25 01:47:56,149 [INFO] main: 📋 Query params: {'frame_count': '200'}
2025-07-25 01:47:56,149 [INFO] main: 🎬 에피소드 0 요청 (프레임 0-200)
2025-07-25 01:47:56,149 [INFO] main: 📂 실제 데이터셋에서 에피소드 로드 중...
2025-07-25 01:47:56,149 [INFO] main: 🔍 에피소드 0 검색 중... (데이터셋 크기: 273465)
2025-07-25 01:47:56,149 [INFO] main: 검색 최적화: 27 스텝으로 샘플링
2025-07-25 01:48:22,177 [INFO] main: 📋 에피소드 0에서 8 프레임 발견
2025-07-25 01:48:22,178 [INFO] main: 🎯 선택된 프레임 범위: 0-8 (8 프레임)
2025-07-25 01:48:22,183 [INFO] main: ✅ 에피소드 0 로드 완료 (8 프레임)
2025-07-25 01:48:22,184 [INFO] main: 📥 GET http://localhost:8001/api/libero/info
2025-07-25 01:48:22,184 [INFO] main: 📤 GET http://localhost:8001/api/libero/episode/0?frame_count=200 - 200 (26.036s)
2025-07-25 01:48:22,184 [WARNING] main: ⚠️  느린 응답: http://localhost:8001/api/libero/episode/0?frame_count=200 took 26.036s
2025-07-25 01:48:22,185 [INFO] main: 📤 GET http://localhost:8001/api/libero/info - 200 (0.001s)
2025-07-25 01:48:22,223 [INFO] main: 📥 GET http://localhost:8001/api/libero/tasks
2025-07-25 01:48:24,795 [INFO] main: 📤 GET http://localhost:8001/api/libero/tasks - 200 (2.571s)
2025-07-25 01:48:24,795 [WARNING] main: ⚠️  느린 응답: http://localhost:8001/api/libero/tasks took 2.571s
2025-07-25 01:48:24,830 [INFO] main: 📥 GET http://localhost:8001/api/libero/episodes?limit=50
2025-07-25 01:48:24,830 [INFO] main: 📋 Query params: {'limit': '50'}
2025-07-25 01:48:26,187 [INFO] main: 📤 GET http://localhost:8001/api/libero/episodes?limit=50 - 200 (1.356s)
2025-07-25 01:48:26,208 [INFO] main: 📥 GET http://localhost:8001/api/libero/episode/0/thumbnail
2025-07-25 01:48:26,209 [INFO] main: 🖼️  에피소드 0 썸네일 요청
2025-07-25 01:48:26,209 [INFO] main: 🔍 에피소드 0 첫 프레임 검색 중...
2025-07-25 01:48:26,211 [INFO] main: ✅ 에피소드 0 첫 프레임 발견
2025-07-25 01:48:26,212 [INFO] main: 📤 GET http://localhost:8001/api/libero/episode/0/thumbnail - 200 (0.004s)
2025-07-25 01:48:26,306 [INFO] main: 📥 GET http://localhost:8001/api/libero/episode/2/thumbnail
2025-07-25 01:48:26,307 [INFO] main: 🖼️  에피소드 2 썸네일 요청
2025-07-25 01:48:26,307 [INFO] main: 🔍 에피소드 2 첫 프레임 검색 중...
2025-07-25 01:48:26,337 [INFO] main: ✅ 에피소드 2 첫 프레임 발견
2025-07-25 01:48:26,338 [INFO] main: 📤 GET http://localhost:8001/api/libero/episode/2/thumbnail - 200 (0.032s)
2025-07-25 01:48:26,338 [INFO] main: 📥 GET http://localhost:8001/api/libero/episode/1/thumbnail
2025-07-25 01:48:26,338 [INFO] main: 🖼️  에피소드 1 썸네일 요청
2025-07-25 01:48:26,338 [INFO] main: 🔍 에피소드 1 첫 프레임 검색 중...
2025-07-25 01:48:26,352 [INFO] main: ✅ 에피소드 1 첫 프레임 발견
2025-07-25 01:48:26,352 [INFO] main: 📤 GET http://localhost:8001/api/libero/episode/1/thumbnail - 200 (0.014s)
2025-07-25 01:54:09,619 [INFO] main: 👋 서버가 종료됩니다.
2025-07-25 01:54:12,238 [INFO] main: 🚀 로봇 행동 태깅 API 서버 시작
2025-07-25 01:54:12,238 [INFO] main: ========================================
2025-07-25 01:54:12,238 [INFO] main: 📋 API 문서: http://localhost:8001/docs
2025-07-25 01:54:12,238 [INFO] main: 🤖 Libero 데이터셋 로딩 시도 중...
2025-07-25 01:54:12,238 [INFO] main: ⚠️  대용량 데이터셋이므로 시간이 오래 걸릴 수 있습니다...
2025-07-25 01:54:18,135 [INFO] main: ✅ Libero 데이터셋 로드 완료
2025-07-25 01:54:18,345 [INFO] main: 📥 GET http://localhost:8001/
2025-07-25 01:54:18,346 [INFO] main: 📤 GET http://localhost:8001/ - 200 (0.001s)
2025-07-25 01:55:07,723 [INFO] main: 📥 GET http://localhost:8001/api/libero/episodes?limit=50
2025-07-25 01:55:07,723 [INFO] main: 📋 Query params: {'limit': '50'}
2025-07-25 01:55:09,104 [INFO] main: 📤 GET http://localhost:8001/api/libero/episodes?limit=50 - 200 (1.381s)
2025-07-25 01:55:09,123 [INFO] main: 📥 GET http://localhost:8001/api/libero/episode/0/thumbnail
2025-07-25 01:55:09,123 [INFO] main: 🖼️  에피소드 0 썸네일 요청
2025-07-25 01:55:09,123 [INFO] main: 🔍 에피소드 0 첫 프레임 검색 중...
2025-07-25 01:55:09,126 [INFO] main: ✅ 에피소드 0 첫 프레임 발견
2025-07-25 01:55:09,126 [INFO] main: 📤 GET http://localhost:8001/api/libero/episode/0/thumbnail - 200 (0.004s)
2025-07-25 01:55:09,188 [INFO] main: 📥 GET http://localhost:8001/api/libero/episode/1/thumbnail
2025-07-25 01:55:09,189 [INFO] main: 🖼️  에피소드 1 썸네일 요청
2025-07-25 01:55:09,189 [INFO] main: 🔍 에피소드 1 첫 프레임 검색 중...
2025-07-25 01:55:09,204 [INFO] main: ✅ 에피소드 1 첫 프레임 발견
2025-07-25 01:55:09,205 [INFO] main: 📤 GET http://localhost:8001/api/libero/episode/1/thumbnail - 200 (0.017s)
2025-07-25 01:55:09,208 [INFO] main: 📥 GET http://localhost:8001/api/libero/episode/2/thumbnail
2025-07-25 01:55:09,208 [INFO] main: 🖼️  에피소드 2 썸네일 요청
2025-07-25 01:55:09,208 [INFO] main: 🔍 에피소드 2 첫 프레임 검색 중...
2025-07-25 01:55:09,238 [INFO] main: ✅ 에피소드 2 첫 프레임 발견
2025-07-25 01:55:09,238 [INFO] main: 📤 GET http://localhost:8001/api/libero/episode/2/thumbnail - 200 (0.030s)
2025-07-25 01:55:11,741 [INFO] main: 📥 GET http://localhost:8001/api/libero/episode/0?frame_count=200
2025-07-25 01:55:11,741 [INFO] main: 📋 Query params: {'frame_count': '200'}
2025-07-25 01:55:11,742 [INFO] main: 🎬 에피소드 0 요청 (프레임 0-200)
2025-07-25 01:55:11,742 [INFO] main: 📂 실제 데이터셋에서 에피소드 로드 중...
2025-07-25 01:55:11,742 [INFO] main: 🔍 에피소드 0 검색 중... (데이터셋 크기: 273465)
2025-07-25 01:55:11,742 [INFO] main: 검색 최적화: 27 스텝으로 샘플링
2025-07-25 01:55:37,747 [INFO] main: 📋 에피소드 0에서 8 프레임 발견
2025-07-25 01:55:37,747 [INFO] main: 🎯 선택된 프레임 범위: 0-8 (8 프레임)
2025-07-25 01:55:37,752 [INFO] main: ✅ 에피소드 0 로드 완료 (8 프레임)
2025-07-25 01:55:37,753 [INFO] main: 📤 GET http://localhost:8001/api/libero/episode/0?frame_count=200 - 200 (26.012s)
2025-07-25 01:55:37,753 [WARNING] main: ⚠️  느린 응답: http://localhost:8001/api/libero/episode/0?frame_count=200 took 26.012s
2025-07-25 01:55:37,754 [INFO] main: 📥 GET http://localhost:8001/api/libero/info
2025-07-25 01:55:37,754 [INFO] main: 📤 GET http://localhost:8001/api/libero/info - 200 (0.000s)
2025-07-25 01:55:37,911 [INFO] main: 📥 GET http://localhost:8001/api/libero/tasks
2025-07-25 01:55:40,491 [INFO] main: 📤 GET http://localhost:8001/api/libero/tasks - 200 (2.580s)
2025-07-25 01:55:40,491 [WARNING] main: ⚠️  느린 응답: http://localhost:8001/api/libero/tasks took 2.580s
2025-07-25 01:55:40,524 [INFO] main: 📥 GET http://localhost:8001/api/libero/episodes?limit=50
2025-07-25 01:55:40,524 [INFO] main: 📋 Query params: {'limit': '50'}
2025-07-25 01:55:41,874 [INFO] main: 📤 GET http://localhost:8001/api/libero/episodes?limit=50 - 200 (1.350s)
2025-07-25 01:55:41,909 [INFO] main: 📥 GET http://localhost:8001/api/libero/episode/0/thumbnail
2025-07-25 01:55:41,909 [INFO] main: 🖼️  에피소드 0 썸네일 요청
2025-07-25 01:55:41,909 [INFO] main: ✅ 캐시에서 썸네일 0 반환
2025-07-25 01:55:41,909 [INFO] main: 📤 GET http://localhost:8001/api/libero/episode/0/thumbnail - 200 (0.000s)
2025-07-25 01:55:42,017 [INFO] main: 📥 GET http://localhost:8001/api/libero/episode/2/thumbnail
2025-07-25 01:55:42,017 [INFO] main: 🖼️  에피소드 2 썸네일 요청
2025-07-25 01:55:42,017 [INFO] main: ✅ 캐시에서 썸네일 2 반환
2025-07-25 01:55:42,017 [INFO] main: 📤 GET http://localhost:8001/api/libero/episode/2/thumbnail - 200 (0.001s)
2025-07-25 01:55:42,028 [INFO] main: 📥 GET http://localhost:8001/api/libero/episode/1/thumbnail
2025-07-25 01:55:42,028 [INFO] main: 🖼️  에피소드 1 썸네일 요청
2025-07-25 01:55:42,028 [INFO] main: ✅ 캐시에서 썸네일 1 반환
2025-07-25 01:55:42,028 [INFO] main: 📤 GET http://localhost:8001/api/libero/episode/1/thumbnail - 200 (0.000s)
2025-07-25 01:56:15,930 [INFO] main: 📥 GET http://localhost:8001/api/libero/episodes?task_index=0&limit=50
2025-07-25 01:56:15,930 [INFO] main: 📋 Query params: {'task_index': '0', 'limit': '50'}
2025-07-25 01:56:17,300 [INFO] main: 📤 GET http://localhost:8001/api/libero/episodes?task_index=0&limit=50 - 200 (1.370s)
2025-07-25 01:56:17,314 [INFO] main: 📥 GET http://localhost:8001/api/libero/episode/0/thumbnail
2025-07-25 01:56:17,314 [INFO] main: 🖼️  에피소드 0 썸네일 요청
2025-07-25 01:56:17,314 [INFO] main: ✅ 캐시에서 썸네일 0 반환
2025-07-25 01:56:17,314 [INFO] main: 📤 GET http://localhost:8001/api/libero/episode/0/thumbnail - 200 (0.000s)
2025-07-25 01:56:23,221 [INFO] main: 📥 GET http://localhost:8001/api/libero/episodes?task_index=17&limit=50
2025-07-25 01:56:23,222 [INFO] main: 📋 Query params: {'task_index': '17', 'limit': '50'}
2025-07-25 01:56:24,598 [INFO] main: 📤 GET http://localhost:8001/api/libero/episodes?task_index=17&limit=50 - 200 (1.377s)
2025-07-25 01:56:30,233 [INFO] main: 👋 서버가 종료됩니다.
2025-07-25 14:32:22,321 [INFO] main: 🚀 로봇 행동 태깅 API 서버 시작
2025-07-25 14:32:22,321 [INFO] main: ========================================
2025-07-25 14:32:22,322 [INFO] main: 📋 API 문서: http://localhost:8001/docs
2025-07-25 14:32:22,322 [INFO] main: 📂 Polars로 Libero 데이터 로딩 중...
2025-07-25 14:32:38,202 [INFO] main: 🚀 로봇 행동 태깅 API 서버 시작
2025-07-25 14:32:38,202 [INFO] main: ========================================
2025-07-25 14:32:38,202 [INFO] main: 📋 API 문서: http://localhost:8001/docs
2025-07-25 14:32:38,202 [INFO] main: 📂 Polars로 Libero 데이터 로딩 중...
2025-07-25 14:37:40,927 [INFO] main: ✅ Libero 데이터 로드 완료! 총 273465 프레임
2025-07-25 14:37:41,129 [INFO] main: 👋 서버가 종료됩니다.
2025-07-25 14:38:03,376 [INFO] main: ✅ Libero 데이터 로드 완료! 총 273465 프레임
2025-07-25 14:38:03,577 [INFO] main: 👋 서버가 종료됩니다.
2025-07-25 15:04:24,852 [INFO] main: 🚀 로봇 행동 태깅 API 서버 시작
2025-07-25 15:04:24,852 [INFO] main: ========================================
2025-07-25 15:04:24,852 [INFO] main: 📋 API 문서: http://localhost:8001/docs
2025-07-25 15:04:24,852 [INFO] main: 📂 Polars로 Libero 데이터 로딩 중...
2025-07-25 15:08:08,389 [INFO] main: ✅ Libero 데이터 로드 완료! 총 273465 프레임
2025-07-25 15:08:08,590 [INFO] main: 👋 서버가 종료됩니다.
2025-07-25 15:18:04,081 [INFO] main: 🚀 로봇 행동 태깅 API 서버 시작
2025-07-25 15:18:04,081 [INFO] main: ========================================
2025-07-25 15:18:04,081 [INFO] main: 📋 API 문서: http://localhost:8001/docs
2025-07-25 15:18:04,081 [INFO] main: 📂 Polars로 Libero 데이터 로딩 중...
2025-07-25 15:18:07,186 [INFO] main: ✅ Libero 데이터 로드 완료! 총 273465 프레임
2025-07-25 15:18:16,317 [INFO] main: 📥 GET http://localhost:8001/api/health
2025-07-25 15:18:16,317 [INFO] main: 📤 GET http://localhost:8001/api/health - 200 (0.000s)
2025-07-25 15:18:59,669 [INFO] main: 📥 GET http://localhost:8001/api/libero/info
2025-07-25 15:18:59,670 [INFO] main: 📊 데이터셋 통계 계산 중...
2025-07-25 15:18:59,675 [INFO] main: 📤 GET http://localhost:8001/api/libero/info - 200 (0.006s)
2025-07-25 15:19:46,348 [INFO] main: 🚀 로봇 행동 태깅 API 서버 시작
2025-07-25 15:19:46,348 [INFO] main: ========================================
2025-07-25 15:19:46,348 [INFO] main: 📋 API 문서: http://localhost:8001/docs
2025-07-25 15:19:46,348 [INFO] main: 📂 Polars로 Libero 데이터 로딩 중...
2025-07-25 15:20:24,534 [INFO] main: 🚀 로봇 행동 태깅 API 서버 시작
2025-07-25 15:20:24,535 [INFO] main: ========================================
2025-07-25 15:20:24,535 [INFO] main: 📋 API 문서: http://localhost:8001/docs
2025-07-25 15:20:24,535 [INFO] main: 📂 Polars로 Libero 데이터 로딩 중...
2025-07-25 15:25:04,433 [INFO] main: ✅ Libero 데이터 로드 완료! 총 273465 프레임
2025-07-25 15:25:04,634 [INFO] main: 👋 서버가 종료됩니다.
2025-07-25 15:25:40,895 [INFO] main: ✅ Libero 데이터 로드 완료! 총 273465 프레임
2025-07-25 15:25:41,096 [INFO] main: 👋 서버가 종료됩니다.
2025-07-25 15:36:00,474 [INFO] __main__: 🚀 로봇 행동 태깅 FastAPI 서버를 시작합니다...
2025-07-25 15:36:00,474 [INFO] __main__: 📋 API 문서: http://localhost:8001/docs
2025-07-25 15:37:00,101 [INFO] main: 🚀 로봇 행동 태깅 API 서버 시작
2025-07-25 15:37:00,101 [INFO] main: ========================================
2025-07-25 15:37:00,101 [INFO] main: 📋 API 문서: http://localhost:8001/docs
2025-07-25 15:37:00,101 [INFO] main: 🤖 실제 Libero 데이터셋 로딩 시도 중...
2025-07-25 15:37:00,101 [INFO] main: ⚠️  대용량 데이터셋이므로 시간이 오래 걸릴 수 있습니다...
2025-07-25 15:37:07,183 [INFO] main: 📋 샘플 데이터 로딩 중... (1000개 프레임)
2025-07-25 15:37:24,363 [INFO] main: 🔍 데이터 스키마: ['image', 'wrist_image', 'state', 'actions', 'timestamp', 'frame_index', 'episode_index', 'index', 'task_index']
2025-07-25 15:37:24,363 [INFO] main: ✅ Libero 데이터 로드 완료! 총 1000 프레임 (샘플)
2025-07-25 15:37:29,292 [INFO] main: 👋 서버가 종료됩니다.
2025-07-25 15:43:42,515 [INFO] main: 🚀 로봇 행동 태깅 API 서버 시작
2025-07-25 15:43:42,515 [INFO] main: ========================================
2025-07-25 15:43:42,515 [INFO] main: 📋 API 문서: http://localhost:8001/docs
2025-07-25 15:43:42,515 [INFO] main: 🤖 실제 Libero 데이터셋 로딩 시도 중...
2025-07-25 15:43:42,515 [INFO] main: ⚠️  대용량 데이터셋이므로 시간이 오래 걸릴 수 있습니다...
2025-07-25 15:44:08,471 [INFO] main: 📋 샘플 데이터 로딩 중... (100개 프레임)
2025-07-25 15:44:17,033 [INFO] main: 🔍 데이터 스키마: ['image', 'wrist_image', 'state', 'actions', 'timestamp', 'frame_index', 'episode_index', 'index', 'task_index']
2025-07-25 15:44:17,034 [INFO] main: ✅ Libero 데이터 로드 완료! 총 100 프레임 (샘플)
2025-07-25 15:44:17,238 [INFO] main: 👋 서버가 종료됩니다.
2025-07-25 15:44:19,630 [INFO] main: 🚀 로봇 행동 태깅 API 서버 시작
2025-07-25 15:44:19,630 [INFO] main: ========================================
2025-07-25 15:44:19,631 [INFO] main: 📋 API 문서: http://localhost:8001/docs
2025-07-25 15:44:19,631 [INFO] main: 🤖 실제 Libero 데이터셋 로딩 시도 중...
2025-07-25 15:44:19,631 [INFO] main: ⚠️  대용량 데이터셋이므로 시간이 오래 걸릴 수 있습니다...
2025-07-25 15:44:32,951 [INFO] main: 📋 샘플 데이터 로딩 중... (100개 프레임)
2025-07-25 15:44:40,971 [INFO] main: 🔍 데이터 스키마: ['image', 'wrist_image', 'state', 'actions', 'timestamp', 'frame_index', 'episode_index', 'index', 'task_index']
2025-07-25 15:44:40,971 [INFO] main: ✅ Libero 데이터 로드 완료! 총 100 프레임 (샘플)
2025-07-25 15:44:41,172 [INFO] main: 👋 서버가 종료됩니다.
2025-07-25 15:46:19,843 [INFO] __main__: 🚀 로봇 행동 태깅 FastAPI 서버를 시작합니다...
2025-07-25 15:46:19,843 [INFO] __main__: 📋 API 문서: http://localhost:8001/docs
2025-07-25 15:46:27,828 [INFO] main: 🚀 로봇 행동 태깅 API 서버 시작
2025-07-25 15:46:27,828 [INFO] main: ========================================
2025-07-25 15:46:27,828 [INFO] main: 📋 API 문서: http://localhost:8001/docs
2025-07-25 15:46:27,828 [INFO] main: 🎭 실제 Libero 형식을 맞춘 향상된 더미 데이터 생성 중...
2025-07-25 15:46:27,828 [INFO] main: ✅ 향상된 더미 Libero 데이터 준비 완료!
2025-07-25 15:46:27,828 [INFO] main: 📋 실제 스키마: ['image', 'wrist_image', 'state', 'actions', 'timestamp', 'frame_index', 'episode_index', 'index', 'task_index']
2025-07-25 15:46:37,084 [INFO] main: 👋 서버가 종료됩니다.
